
Showing logs for build [32mcb-kubecd-environment-pr-187-85-xc9wm-1[0m stage [32mfrom-build-pack[0m and container [32mstep-credential-initializer-hs5s4[0m
{"level":"warn","ts":1584910074.0955133,"logger":"fallback-logger","caller":"logging/config.go:69","msg":"Fetch GitHub commit ID from kodata failed: \"ref: refs/heads/0.8.0-**-support-backwards-incompats\" is not a valid GitHub commit ID"}
{"level":"info","ts":1584910074.0959146,"logger":"fallback-logger","caller":"creds-init/main.go:40","msg":"Credentials initialized."}

Showing logs for build [32mcb-kubecd-environment-pr-187-85-xc9wm-1[0m stage [32mfrom-build-pack[0m and container [32mstep-working-dir-initializer-zfnnd[0m
{"level":"warn","ts":1584910075.123263,"logger":"fallback-logger","caller":"logging/config.go:69","msg":"Fetch GitHub commit ID from kodata failed: open /var/run/ko/HEAD: no such file or directory"}
{"level":"info","ts":1584910075.1273382,"logger":"fallback-logger","caller":"bash/main.go:64","msg":"Successfully executed command \"sh -c mkdir -p /workspace/source\"; output "}

Showing logs for build [32mcb-kubecd-environment-pr-187-85-xc9wm-1[0m stage [32mfrom-build-pack[0m and container [32mstep-place-tools[0m

Showing logs for build [32mcb-kubecd-environment-pr-187-85-xc9wm-1[0m stage [32mfrom-build-pack[0m and container [32mstep-git-source-cb-kubecd-environment-pr-187-85-xc9wm-bslcv[0m
{"level":"warn","ts":1584910080.9960883,"logger":"fallback-logger","caller":"logging/config.go:69","msg":"Fetch GitHub commit ID from kodata failed: \"ref: refs/heads/0.8.0-**-support-backwards-incompats\" is not a valid GitHub commit ID"}
{"level":"info","ts":1584910082.3653955,"logger":"fallback-logger","caller":"git/git.go:103","msg":"Successfully cloned https://github.com/cb-kubecd/environment-pr-187-85-boot-gke-staging.git @ master in path /workspace/source"}

Showing logs for build [32mcb-kubecd-environment-pr-187-85-xc9wm-1[0m stage [32mfrom-build-pack[0m and container [32mstep-git-merge[0m
Using SHAs from PULL_REFS=master:5df2bb766dfdb84d95875c3f85e4b00e1d8c2f27,2:a8cd424c312b72a208e19821607cd2127952e3e2
DEBUG: LC_ALL=C JX_LOG_LEVEL=error git fetch origin --unshallow a8cd424c312b72a208e19821607cd2127952e3e2: 5df2bb766dfdb84d95875c3f85e4b00e1d8c2f27:
DEBUG: ran git fetch --unshallow origin a8cd424c312b72a208e19821607cd2127952e3e2: 5df2bb766dfdb84d95875c3f85e4b00e1d8c2f27: in 
DEBUG: LC_ALL=C JX_LOG_LEVEL=error git branch
DEBUG: LC_ALL=C JX_LOG_LEVEL=error git checkout master
DEBUG: ran git checkout master in 
DEBUG: JX_LOG_LEVEL=error LC_ALL=C git reset --hard 5df2bb766dfdb84d95875c3f85e4b00e1d8c2f27
DEBUG: ran git reset --hard 5df2bb766dfdb84d95875c3f85e4b00e1d8c2f27 in 
DEBUG: LC_ALL=C JX_LOG_LEVEL=error git clean -fd .
DEBUG: ran clean --force -d . in 
DEBUG: LC_ALL=C JX_LOG_LEVEL=error git merge a8cd424c312b72a208e19821607cd2127952e3e2
DEBUG: ran git merge a8cd424c312b72a208e19821607cd2127952e3e2 in 
DEBUG: LC_ALL=C JX_LOG_LEVEL=error git log --format=%H%x1f%an%x1f%ae%x1f%cn%x1f%ce%x1f%s%n%b%x1e 5df2bb766dfdb84d95875c3f85e4b00e1d8c2f27..HEAD
Merged SHA a8cd424c312b72a208e19821607cd2127952e3e2 with commit message 'chore: Promote bdd-gh-1584909787 to version 0.0.1' into base branch master

Showing logs for build [32mcb-kubecd-environment-pr-187-85-xc9wm-1[0m stage [32mfrom-build-pack[0m and container [32mstep-build-helm-build[0m
WARNING: No $CHART_REPOSITORY defined so using the default value of: http://jenkins-x-chartmuseum:8080
Adding missing Helm repo: storage.googleapis.com https://storage.googleapis.com/chartmuseum.jenkins-x.io
WARNING: No secrets found on "helm/repos" due: reading the secret "helm/repos" from vault: no secret "helm/repos" not found in vault
Read credentials for https://storage.googleapis.com/chartmuseum.jenkins-x.io from vault helm/repos
Successfully added Helm repository storage.googleapis.com.
Adding missing Helm repo: jenkins-x-chartmuseum http://jenkins-x-chartmuseum:8080
WARNING: No secrets found on "helm/repos" due: reading the secret "helm/repos" from vault: no secret "helm/repos" not found in vault
Read credentials for http://jenkins-x-chartmuseum:8080 from vault helm/repos
Successfully added Helm repository jenkins-x-chartmuseum.
WARNING: No $CHART_REPOSITORY defined so using the default value of: http://jenkins-x-chartmuseum:8080
Adding missing Helm repo: chartmuseum.jenkins-x.io http://chartmuseum.jenkins-x.io
WARNING: No secrets found on "helm/repos" due: reading the secret "helm/repos" from vault: no secret "helm/repos" not found in vault
Read credentials for http://chartmuseum.jenkins-x.io from vault helm/repos
Successfully added Helm repository chartmuseum.jenkins-x.io.
